        Network Specification
 =====================

Generated: Mon Jul 13 16:17:43 2015 for target machine '192.168.240.1'

*** Vertices:
AbstractConstrainedVertex spike_injector_1, size: 33
Model: ReverseIpTagMultiCastSource
constraint: key allocator constraint where subedges coming from the vertex requires a specific key and mask which are generated from the function call <bound method ReverseIpTagMultiCastSource.generate_routing_info of <spynnaker_external_devices_plugin.pyNN.control_models.reverse_ip_tag_multi_cast_source.ReverseIpTagMultiCastSource object at 0x10a0f8090>>
constraint: placer chip and core constraint at coords 0,0,None

AbstractConstrainedVertex Population 22, size: 150
Model: IF_curr_exp
constraint: partitioner max atom per core constraint with size 256

AbstractConstrainedVertex Population 23, size: 200
Model: IF_curr_exp
constraint: partitioner max atom per core constraint with size 256

AbstractConstrainedVertex Population 24, size: 1
Model: SpikeSourceArray
constraint: partitioner max atom per core constraint with size 256

AbstractConstrainedVertex Population 25, size: 1
Model: SpikeSourceArray
constraint: partitioner max atom per core constraint with size 256

AbstractConstrainedVertex Population 26, size: 1
Model: SpikeSourceArray
constraint: partitioner max atom per core constraint with size 256

AbstractConstrainedVertex Population 27, size: 1
Model: SpikeSourceArray
constraint: partitioner max atom per core constraint with size 256

AbstractConstrainedVertex Population 28, size: 1
Model: SpikeSourceArray
constraint: partitioner max atom per core constraint with size 256

AbstractConstrainedVertex Population 29, size: 1
Model: SpikeSourceArray
constraint: partitioner max atom per core constraint with size 256

AbstractConstrainedVertex Population 30, size: 1
Model: SpikeSourceArray
constraint: partitioner max atom per core constraint with size 256

AbstractConstrainedVertex Population 31, size: 1
Model: SpikeSourceArray
constraint: partitioner max atom per core constraint with size 256

AbstractConstrainedVertex Population 32, size: 1
Model: SpikeSourceArray
constraint: partitioner max atom per core constraint with size 256

AbstractConstrainedVertex pop_outputs, size: 150
Model: IF_curr_exp
constraint: partitioner max atom per core constraint with size 256

*** Edges:
PartitionableEdge Projection 0 from vertex: 'Population 24' (1 atoms) to vertex: 'Population 23' (200 atoms)
  Model: No Model

PartitionableEdge Projection 1 from vertex: 'Population 25' (1 atoms) to vertex: 'Population 22' (150 atoms)
  Model: No Model

PartitionableEdge Projection 2 from vertex: 'Population 26' (1 atoms) to vertex: 'Population 22' (150 atoms)
  Model: No Model

PartitionableEdge Projection 3 from vertex: 'Population 27' (1 atoms) to vertex: 'Population 22' (150 atoms)
  Model: No Model

PartitionableEdge Projection 4 from vertex: 'Population 28' (1 atoms) to vertex: 'Population 22' (150 atoms)
  Model: No Model

PartitionableEdge Projection 5 from vertex: 'Population 29' (1 atoms) to vertex: 'Population 22' (150 atoms)
  Model: No Model

PartitionableEdge Projection 6 from vertex: 'Population 30' (1 atoms) to vertex: 'Population 22' (150 atoms)
  Model: No Model

PartitionableEdge Projection 7 from vertex: 'Population 22' (150 atoms) to vertex: 'Population 22' (150 atoms)
  Model: No Model

PartitionableEdge Projection 8 from vertex: 'Population 23' (200 atoms) to vertex: 'Population 23' (200 atoms)
  Model: No Model

PartitionableEdge Projection 11 from vertex: 'Population 22' (150 atoms) to vertex: 'Population 23' (200 atoms)
  Model: No Model

PartitionableEdge Projection 12 from vertex: 'Population 23' (200 atoms) to vertex: 'Population 22' (150 atoms)
  Model: No Model

PartitionableEdge Projection 154 from vertex: 'Population 23' (200 atoms) to vertex: 'pop_outputs' (150 atoms)
  Model: No Model

PartitionableEdge Projection 156 from vertex: 'pop_outputs' (150 atoms) to vertex: 'Population 23' (200 atoms)
  Model: No Model

