        Network Specification
 =====================

Generated: Mon Jul 13 12:17:25 2015 for target machine '192.168.240.1'

*** Vertices:
AbstractConstrainedVertex spike_injector_1, size: 33
Model: ReverseIpTagMultiCastSource
constraint: key allocator constraint where subedges coming from the vertex requires a specific key and mask which are generated from the function call <bound method ReverseIpTagMultiCastSource.generate_routing_info of <spynnaker_external_devices_plugin.pyNN.control_models.reverse_ip_tag_multi_cast_source.ReverseIpTagMultiCastSource object at 0x1106be350>>
constraint: placer chip and core constraint at coords 0,0,None

AbstractConstrainedVertex Population 0, size: 150
Model: IF_curr_exp
constraint: partitioner max atom per core constraint with size 256

AbstractConstrainedVertex Population 1, size: 200
Model: IF_curr_exp
constraint: partitioner max atom per core constraint with size 256

AbstractConstrainedVertex Population 2, size: 1
Model: SpikeSourceArray
constraint: partitioner max atom per core constraint with size 256

AbstractConstrainedVertex Population 3, size: 1
Model: SpikeSourceArray
constraint: partitioner max atom per core constraint with size 256

AbstractConstrainedVertex Population 4, size: 1
Model: SpikeSourceArray
constraint: partitioner max atom per core constraint with size 256

AbstractConstrainedVertex Population 5, size: 1
Model: SpikeSourceArray
constraint: partitioner max atom per core constraint with size 256

AbstractConstrainedVertex Population 6, size: 1
Model: SpikeSourceArray
constraint: partitioner max atom per core constraint with size 256

AbstractConstrainedVertex Population 7, size: 1
Model: SpikeSourceArray
constraint: partitioner max atom per core constraint with size 256

AbstractConstrainedVertex Population 8, size: 1
Model: SpikeSourceArray
constraint: partitioner max atom per core constraint with size 256

AbstractConstrainedVertex Population 9, size: 1
Model: SpikeSourceArray
constraint: partitioner max atom per core constraint with size 256

AbstractConstrainedVertex Population 10, size: 1
Model: SpikeSourceArray
constraint: partitioner max atom per core constraint with size 256

AbstractConstrainedVertex pop_outputs, size: 150
Model: IF_curr_exp
constraint: partitioner max atom per core constraint with size 256

*** Edges:
PartitionableEdge Projection 0 from vertex: 'Population 2' (1 atoms) to vertex: 'Population 1' (200 atoms)
  Model: No Model

PartitionableEdge Projection 1 from vertex: 'Population 3' (1 atoms) to vertex: 'Population 0' (150 atoms)
  Model: No Model

PartitionableEdge Projection 2 from vertex: 'Population 4' (1 atoms) to vertex: 'Population 0' (150 atoms)
  Model: No Model

PartitionableEdge Projection 3 from vertex: 'Population 5' (1 atoms) to vertex: 'Population 0' (150 atoms)
  Model: No Model

PartitionableEdge Projection 4 from vertex: 'Population 6' (1 atoms) to vertex: 'Population 0' (150 atoms)
  Model: No Model

PartitionableEdge Projection 5 from vertex: 'Population 7' (1 atoms) to vertex: 'Population 0' (150 atoms)
  Model: No Model

PartitionableEdge Projection 6 from vertex: 'Population 0' (150 atoms) to vertex: 'Population 0' (150 atoms)
  Model: No Model

PartitionableEdge Projection 7 from vertex: 'Population 1' (200 atoms) to vertex: 'Population 1' (200 atoms)
  Model: No Model

PartitionableEdge Projection 10 from vertex: 'Population 0' (150 atoms) to vertex: 'Population 1' (200 atoms)
  Model: No Model

PartitionableEdge Projection 11 from vertex: 'Population 1' (200 atoms) to vertex: 'Population 0' (150 atoms)
  Model: No Model

PartitionableEdge Projection 149 from vertex: 'Population 1' (200 atoms) to vertex: 'pop_outputs' (150 atoms)
  Model: No Model

PartitionableEdge Projection 151 from vertex: 'pop_outputs' (150 atoms) to vertex: 'Population 1' (200 atoms)
  Model: No Model

PartitionableEdge Projection 153 from vertex: 'pop_outputs' (150 atoms) to vertex: 'pop_outputs' (150 atoms)
  Model: No Model

